<?xml version="1.0" encoding="UTF-8"?>
<!-- Generated by org.testng.reporters.JUnitXMLReporter -->
<testsuite ignored="0" hostname="LAPTOP-DDRM0M9E" failures="0" tests="3" name="Default test" time="74.411" errors="0" timestamp="2025-08-16T16:46:04 IST">
  <testcase classname="day24_orangehrm.SearchTermFunctionality" name="searchTest" time="25.773"/>
  <testcase classname="day24_orangehrm.SearchTermFunctionality" name="searchTest" time="25.352"/>
  <testcase classname="day24_orangehrm.SearchTermFunctionality" name="searchTest" time="23.16"/>
</testsuite> <!-- Default test -->
