<?xml version="1.0" encoding="UTF-8"?>
<testng-results ignored="0" total="1" passed="1" failed="0" skipped="0">
  <reporter-output>
  </reporter-output>
  <suite started-at="2025-08-13T18:44:05 IST" name="Default suite" finished-at="2025-08-13T18:44:17 IST" duration-ms="11853">
    <groups>
    </groups>
    <test started-at="2025-08-13T18:44:05 IST" name="Default test" finished-at="2025-08-13T18:44:17 IST" duration-ms="11853">
      <class name="com.BuggyclassRatingTesting">
        <test-method is-config="true" signature="launchBrowser()[pri:0, instance:com.BuggyclassRatingTesting@206a70ef]" started-at="2025-08-13T18:44:05 IST" name="launchBrowser" finished-at="2025-08-13T18:44:11 IST" duration-ms="5877" status="PASS">
          <reporter-output>
          </reporter-output>
        </test-method> <!-- launchBrowser -->
        <test-method signature="Register()[pri:0, instance:com.BuggyclassRatingTesting@206a70ef]" started-at="2025-08-13T18:44:11 IST" name="Register" finished-at="2025-08-13T18:44:17 IST" duration-ms="5804" status="PASS">
          <reporter-output>
          </reporter-output>
        </test-method> <!-- Register -->
      </class> <!-- com.BuggyclassRatingTesting -->
    </test> <!-- Default test -->
  </suite> <!-- Default suite -->
</testng-results>
