<?xml version="1.0" encoding="UTF-8"?>
<testng-results ignored="0" total="3" passed="3" failed="0" skipped="0">
  <reporter-output>
  </reporter-output>
  <suite started-at="2025-08-16T16:44:49 IST" name="Default suite" finished-at="2025-08-16T16:46:04 IST" duration-ms="74411">
    <groups>
    </groups>
    <test started-at="2025-08-16T16:44:49 IST" name="Default test" finished-at="2025-08-16T16:46:04 IST" duration-ms="74411">
      <class name="day24_orangehrm.SearchTermFunctionality">
        <test-method signature="searchTest(java.lang.String)[pri:0, instance:day24_orangehrm.SearchTermFunctionality@55182842]" started-at="2025-08-16T16:44:49 IST" name="searchTest" data-provider="searchData" finished-at="2025-08-16T16:45:15 IST" duration-ms="25773" status="PASS">
          <params>
            <param index="0">
              <value>
                <![CDATA[selenium]]>
              </value>
            </param>
          </params>
          <reporter-output>
          </reporter-output>
        </test-method> <!-- searchTest -->
        <test-method signature="searchTest(java.lang.String)[pri:0, instance:day24_orangehrm.SearchTermFunctionality@55182842]" started-at="2025-08-16T16:45:15 IST" name="searchTest" data-provider="searchData" finished-at="2025-08-16T16:45:41 IST" duration-ms="25352" status="PASS">
          <params>
            <param index="0">
              <value>
                <![CDATA[testng]]>
              </value>
            </param>
          </params>
          <reporter-output>
          </reporter-output>
        </test-method> <!-- searchTest -->
        <test-method signature="searchTest(java.lang.String)[pri:0, instance:day24_orangehrm.SearchTermFunctionality@55182842]" started-at="2025-08-16T16:45:41 IST" name="searchTest" data-provider="searchData" finished-at="2025-08-16T16:46:04 IST" duration-ms="23160" status="PASS">
          <params>
            <param index="0">
              <value>
                <![CDATA[automation]]>
              </value>
            </param>
          </params>
          <reporter-output>
          </reporter-output>
        </test-method> <!-- searchTest -->
      </class> <!-- day24_orangehrm.SearchTermFunctionality -->
    </test> <!-- Default test -->
  </suite> <!-- Default suite -->
</testng-results>
