<?xml version="1.0" encoding="UTF-8"?>
<!-- Generated by org.testng.reporters.JUnitXMLReporter -->
<testsuite ignored="0" hostname="LAPTOP-DDRM0M9E" failures="1" tests="2" name="SmokeAndRegression" time="0.239" errors="0" timestamp="2025-08-14T16:39:54 IST">
  <testcase classname="parabank.ParabankTest" name="registerNewUser" time="0.024">
    <failure type="java.lang.NullPointerException" message="Cannot invoke &amp;quot;org.openqa.selenium.WebDriver.get(String)&amp;quot; because &amp;quot;this.driver&amp;quot; is null">
      <![CDATA[java.lang.NullPointerException: Cannot invoke "org.openqa.selenium.WebDriver.get(String)" because "this.driver" is null
at parabank.ParabankTest.registerNewUser(ParabankTest.java:44)
at java.base/java.util.ArrayList.forEach(ArrayList.java:1597)
... Removed 25 stack frames]]>
    </failure>
  </testcase> <!-- registerNewUser -->
  <testcase classname="parabank.ParabankTest" name="login" time="0.001">
    <skipped/>
  </testcase> <!-- login -->
</testsuite> <!-- SmokeAndRegression -->
