<?xml version="1.0" encoding="UTF-8"?>
<!-- Generated by org.testng.reporters.JUnitXMLReporter -->
<testsuite ignored="2" hostname="LAPTOP-DDRM0M9E" failures="0" tests="1" name="Test2" time="26.537" errors="0" timestamp="2025-08-14T17:11:46 IST">
  <testcase classname="parabank.ParabankTest" name="RegisterNewUser" time="7.201"/>
  <testcase classname="parabank.ParabankTest" name="CustomerCare" time="0.0">
    <ignored/>
  </testcase> <!-- CustomerCare -->
  <testcase classname="parabank.ParabankTest" name="Login" time="0.0">
    <ignored/>
  </testcase> <!-- Login -->
</testsuite> <!-- Test2 -->
