<?xml version="1.0" encoding="UTF-8"?>
<!-- Generated by org.testng.reporters.JUnitXMLReporter -->
<testsuite ignored="1" hostname="LAPTOP-DDRM0M9E" failures="0" tests="4" name="Test2" time="67.678" errors="0" timestamp="2025-08-18T09:07:07 IST">
  <testcase classname="parabank.ParabankTest" name="RegisterNewUser" time="12.782"/>
  <testcase classname="parabank.ParabankTest" name="RegisterNewUser" time="10.045"/>
  <testcase classname="parabank.ParabankTest" name="Login" time="9.569"/>
  <testcase classname="parabank.ParabankTest" name="Login" time="7.147"/>
  <testcase classname="parabank.ParabankTest" name="CustomerCare" time="0.0">
    <ignored/>
  </testcase> <!-- CustomerCare -->
</testsuite> <!-- Test2 -->
